<?xml version="1.0" encoding="UTF-8"?>
<!-- Generated by org.testng.reporters.JUnitReportReporter -->
<testsuite hostname="DESKTOP-E18NVH5" name="com.HMS.Tests.NewTest" tests="1" failures="0" timestamp="10 Sep 2021 07:16:08 GMT" time="7.892" errors="0">
  <testcase name="f" time="7.892" classname="com.HMS.Tests.NewTest"/>
</testsuite> <!-- com.HMS.Tests.NewTest -->
