<?xml version="1.0" encoding="UTF-8"?>
<!-- Generated by org.testng.reporters.JUnitReportReporter -->
<testsuite hostname="DESKTOP-E18NVH5" name="com.tests.UAT" tests="1" failures="0" timestamp="10 Sep 2021 05:49:00 GMT" time="8.438" errors="0">
  <testcase name="Test" time="8.438" classname="com.tests.UAT"/>
</testsuite> <!-- com.tests.UAT -->
